{"level":"info","message":"Database initialised at ./data/cornerstone.db","service":"cornerstone-api","timestamp":"2026-04-16 18:13:27"}
{"level":"info","message":"🏫  Cornerstone Schools API running on port 5000 (development)","service":"cornerstone-api","timestamp":"2026-04-16 18:13:28"}
{"level":"warn","message":"Email transporter not ready: Invalid login: 535-5.7.8 Username and Password not accepted. For more information, go to\n535 5.7.8  https://support.google.com/mail/?p=BadCredentials 5b1f17b1804b1-488f584e39dsm64522795e9.9 - gsmtp","service":"cornerstone-api","timestamp":"2026-04-16 18:13:50"}
{"level":"info","message":"Received SIGINT — shutting down gracefully","service":"cornerstone-api","timestamp":"2026-04-16 18:17:41"}
{"level":"info","message":"Database initialised at ./data/cornerstone.db","service":"cornerstone-api","timestamp":"2026-04-16 18:17:49"}
{"level":"info","message":"🏫  Cornerstone Schools API running on port 5000 (development)","service":"cornerstone-api","timestamp":"2026-04-16 18:17:49"}
{"level":"warn","message":"Email transporter not ready: Invalid login: 535-5.7.8 Username and Password not accepted. For more information, go to\n535 5.7.8  https://support.google.com/mail/?p=BadCredentials 5b1f17b1804b1-488f0eb43f6sm48919405e9.25 - gsmtp","service":"cornerstone-api","timestamp":"2026-04-16 18:18:03"}
{"level":"info","message":"Received SIGINT — shutting down gracefully","service":"cornerstone-api","timestamp":"2026-04-16 18:24:30"}
{"level":"info","message":"Database initialised at ./data/cornerstone.db","service":"cornerstone-api","timestamp":"2026-04-16 18:24:35"}
{"level":"info","message":"🏫  Cornerstone Schools API running on port 5000 (development)","service":"cornerstone-api","timestamp":"2026-04-16 18:24:36"}
{"level":"warn","message":"Email transporter not ready: Missing credentials for \"PLAIN\"","service":"cornerstone-api","timestamp":"2026-04-16 18:25:14"}
{"level":"info","message":"Received SIGINT — shutting down gracefully","service":"cornerstone-api","timestamp":"2026-04-16 18:26:24"}
{"level":"info","message":"Database initialised at ./data/cornerstone.db","service":"cornerstone-api","timestamp":"2026-04-16 18:36:21"}
{"level":"info","message":"🏫  Cornerstone Schools API running on port 5000 (development)","service":"cornerstone-api","timestamp":"2026-04-16 18:36:24"}
{"level":"warn","message":"Email transporter not ready: Missing credentials for \"PLAIN\"","service":"cornerstone-api","timestamp":"2026-04-16 18:36:49"}
{"level":"info","message":"Received SIGINT — shutting down gracefully","service":"cornerstone-api","timestamp":"2026-04-16 18:40:07"}
{"level":"info","message":"Database initialised at ./data/cornerstone.db","service":"cornerstone-api","timestamp":"2026-04-16 18:40:17"}
{"level":"info","message":"🏫  Cornerstone Schools API running on port 5000 (development)","service":"cornerstone-api","timestamp":"2026-04-16 18:40:19"}
{"level":"warn","message":"Email transporter not ready: connect EHOSTUNREACH 2a00:1450:400c:c06::6d:587 - Local (:::58406)","service":"cornerstone-api","timestamp":"2026-04-16 18:42:39"}
{"level":"info","message":"Received SIGINT — shutting down gracefully","service":"cornerstone-api","timestamp":"2026-04-16 18:47:29"}
{"level":"info","message":"Database initialised at ./data/cornerstone.db","service":"cornerstone-api","timestamp":"2026-04-16 18:47:48"}
{"level":"info","message":"🏫  Cornerstone Schools API running on port 5000 (development)","service":"cornerstone-api","timestamp":"2026-04-16 18:47:51"}
{"level":"info","message":"Email transporter ready","service":"cornerstone-api","timestamp":"2026-04-16 18:47:53"}
{"level":"info","message":"Received SIGINT — shutting down gracefully","service":"cornerstone-api","timestamp":"2026-04-16 19:59:00"}
{"level":"info","message":"Database initialised at ./data/cornerstone.db","service":"cornerstone-api","timestamp":"2026-04-16 19:59:13"}
{"level":"info","message":"🏫  Cornerstone Schools API running on port 5000 (development)","service":"cornerstone-api","timestamp":"2026-04-16 19:59:15"}
{"level":"info","message":"Email transporter ready","service":"cornerstone-api","timestamp":"2026-04-16 19:59:17"}
{"level":"info","message":"Admin login: admin@cornerstoneschools.ug from ::1","service":"cornerstone-api","timestamp":"2026-04-16 20:00:14"}
{"level":"http","message":"\u001b[0mPOST /api/admin/login \u001b[32m200\u001b[0m 1213.582 ms - 309\u001b[0m","service":"cornerstone-api","timestamp":"2026-04-16 20:00:14"}
{"level":"http","message":"\u001b[0mGET /api/admin/stats \u001b[32m200\u001b[0m 60.520 ms - -\u001b[0m","service":"cornerstone-api","timestamp":"2026-04-16 20:00:15"}
{"level":"http","message":"\u001b[0mGET /api/admin/stats \u001b[36m304\u001b[0m 20.190 ms - -\u001b[0m","service":"cornerstone-api","timestamp":"2026-04-16 20:00:46"}
{"level":"info","message":"Admin login: secretary@cornerstoneschools.ug from ::1","service":"cornerstone-api","timestamp":"2026-04-16 20:13:06"}
{"level":"http","message":"\u001b[0mPOST /api/admin/login \u001b[32m200\u001b[0m 1234.361 ms - 306\u001b[0m","service":"cornerstone-api","timestamp":"2026-04-16 20:13:06"}
{"level":"http","message":"\u001b[0mGET /api/admin/stats \u001b[36m304\u001b[0m 24.157 ms - -\u001b[0m","service":"cornerstone-api","timestamp":"2026-04-16 20:13:06"}
{"level":"http","message":"\u001b[0mGET /api/admin/admissions?page=1&limit=20&search=&status= \u001b[32m200\u001b[0m 100.745 ms - -\u001b[0m","service":"cornerstone-api","timestamp":"2026-04-16 20:13:12"}
{"level":"http","message":"\u001b[0mGET /api/admin/contacts?page=1&limit=20&search= \u001b[32m200\u001b[0m 49.198 ms - -\u001b[0m","service":"cornerstone-api","timestamp":"2026-04-16 20:13:24"}
{"level":"http","message":"\u001b[0mGET /api/admin/donations?page=1&limit=20&search=&status= \u001b[32m200\u001b[0m 25.208 ms - -\u001b[0m","service":"cornerstone-api","timestamp":"2026-04-16 20:13:28"}
{"level":"http","message":"\u001b[0mGET /api/admin/stats \u001b[36m304\u001b[0m 19.751 ms - -\u001b[0m","service":"cornerstone-api","timestamp":"2026-04-16 20:13:33"}
{"level":"http","message":"\u001b[0mGET /api/admin/stats \u001b[36m304\u001b[0m 13.419 ms - -\u001b[0m","service":"cornerstone-api","timestamp":"2026-04-16 20:13:37"}
{"level":"http","message":"\u001b[0mGET /api/admin/stats \u001b[36m304\u001b[0m 53.193 ms - -\u001b[0m","service":"cornerstone-api","timestamp":"2026-04-16 20:13:39"}
{"level":"http","message":"\u001b[0mGET /api/admin/stats \u001b[36m304\u001b[0m 21.169 ms - -\u001b[0m","service":"cornerstone-api","timestamp":"2026-04-16 20:14:19"}
{"level":"http","message":"\u001b[0mGET /api/admin/admissions?page=1&limit=20&search=&status= \u001b[36m304\u001b[0m 14.177 ms - -\u001b[0m","service":"cornerstone-api","timestamp":"2026-04-16 20:14:20"}
{"level":"http","message":"\u001b[0mGET /api/admin/stats \u001b[36m304\u001b[0m 42.611 ms - -\u001b[0m","service":"cornerstone-api","timestamp":"2026-04-16 20:14:21"}
{"level":"http","message":"\u001b[0mGET /api/admin/contacts?page=1&limit=20&search= \u001b[36m304\u001b[0m 3.364 ms - -\u001b[0m","service":"cornerstone-api","timestamp":"2026-04-16 20:14:25"}
{"level":"http","message":"\u001b[0mGET /api/admin/stats \u001b[36m304\u001b[0m 32.530 ms - -\u001b[0m","service":"cornerstone-api","timestamp":"2026-04-16 20:16:14"}
{"level":"http","message":"\u001b[0mGET /api/admin/stats \u001b[36m304\u001b[0m 659.275 ms - -\u001b[0m","service":"cornerstone-api","timestamp":"2026-04-16 20:34:54"}
{"level":"http","message":"\u001b[0mGET /api/admin/stats \u001b[36m304\u001b[0m 97.616 ms - -\u001b[0m","service":"cornerstone-api","timestamp":"2026-04-16 20:37:07"}
{"level":"http","message":"\u001b[0mGET /api/admin/stats \u001b[36m304\u001b[0m 190.090 ms - -\u001b[0m","service":"cornerstone-api","timestamp":"2026-04-16 20:37:13"}
{"level":"http","message":"\u001b[0mGET /api/admin/stats \u001b[36m304\u001b[0m 9.019 ms - -\u001b[0m","service":"cornerstone-api","timestamp":"2026-04-16 20:37:15"}
{"level":"http","message":"\u001b[0mGET /api/admin/stats \u001b[36m304\u001b[0m 11.339 ms - -\u001b[0m","service":"cornerstone-api","timestamp":"2026-04-16 20:37:17"}
{"level":"http","message":"\u001b[0mGET /api/admin/stats \u001b[36m304\u001b[0m 18.088 ms - -\u001b[0m","service":"cornerstone-api","timestamp":"2026-04-16 20:37:21"}
{"level":"http","message":"\u001b[0mGET /api/admin/stats \u001b[36m304\u001b[0m 36.158 ms - -\u001b[0m","service":"cornerstone-api","timestamp":"2026-04-16 20:37:24"}
{"level":"http","message":"\u001b[0mGET /api/admin/stats \u001b[36m304\u001b[0m 16.333 ms - -\u001b[0m","service":"cornerstone-api","timestamp":"2026-04-16 20:37:35"}
{"level":"http","message":"\u001b[0mGET /api/admin/stats \u001b[36m304\u001b[0m 15.338 ms - -\u001b[0m","service":"cornerstone-api","timestamp":"2026-04-16 20:37:39"}
{"level":"http","message":"\u001b[0mGET /api/admin/stats \u001b[36m304\u001b[0m 32.265 ms - -\u001b[0m","service":"cornerstone-api","timestamp":"2026-04-16 20:37:41"}
{"level":"http","message":"\u001b[0mGET /api/admin/stats \u001b[36m304\u001b[0m 11.358 ms - -\u001b[0m","service":"cornerstone-api","timestamp":"2026-04-16 20:37:44"}
{"level":"http","message":"\u001b[0mGET /api/admin/stats \u001b[36m304\u001b[0m 22.281 ms - -\u001b[0m","service":"cornerstone-api","timestamp":"2026-04-16 20:37:46"}
{"level":"http","message":"\u001b[0mGET /api/admin/stats \u001b[36m304\u001b[0m 5.405 ms - -\u001b[0m","service":"cornerstone-api","timestamp":"2026-04-16 20:37:48"}
{"level":"http","message":"\u001b[0mGET /api/admin/stats \u001b[36m304\u001b[0m 9.005 ms - -\u001b[0m","service":"cornerstone-api","timestamp":"2026-04-16 20:38:20"}
{"level":"http","message":"\u001b[0mGET /api/admin/stats \u001b[36m304\u001b[0m 16.858 ms - -\u001b[0m","service":"cornerstone-api","timestamp":"2026-04-16 20:38:31"}
{"level":"http","message":"\u001b[0mGET /api/admin/stats \u001b[36m304\u001b[0m 12.185 ms - -\u001b[0m","service":"cornerstone-api","timestamp":"2026-04-16 20:38:33"}
{"level":"http","message":"\u001b[0mGET /api/admin/stats \u001b[36m304\u001b[0m 9.902 ms - -\u001b[0m","service":"cornerstone-api","timestamp":"2026-04-16 20:38:37"}
{"level":"http","message":"\u001b[0mGET /api/admin/stats \u001b[36m304\u001b[0m 13.874 ms - -\u001b[0m","service":"cornerstone-api","timestamp":"2026-04-16 20:38:42"}
{"level":"http","message":"\u001b[0mGET /api/admin/stats \u001b[36m304\u001b[0m 4.425 ms - -\u001b[0m","service":"cornerstone-api","timestamp":"2026-04-16 20:38:46"}
{"level":"http","message":"\u001b[0mGET /api/admin/stats \u001b[36m304\u001b[0m 14.804 ms - -\u001b[0m","service":"cornerstone-api","timestamp":"2026-04-16 20:38:50"}
{"level":"http","message":"\u001b[0mGET /api/admin/stats \u001b[36m304\u001b[0m 30.960 ms - -\u001b[0m","service":"cornerstone-api","timestamp":"2026-04-16 20:38:54"}
{"level":"http","message":"\u001b[0mGET /api/admin/stats \u001b[36m304\u001b[0m 34.611 ms - -\u001b[0m","service":"cornerstone-api","timestamp":"2026-04-16 20:39:00"}
{"level":"http","message":"\u001b[0mGET /api/admin/stats \u001b[36m304\u001b[0m 18.073 ms - -\u001b[0m","service":"cornerstone-api","timestamp":"2026-04-16 20:39:04"}
{"level":"http","message":"\u001b[0mGET /api/admin/stats \u001b[36m304\u001b[0m 13.309 ms - -\u001b[0m","service":"cornerstone-api","timestamp":"2026-04-16 20:39:06"}
{"level":"http","message":"\u001b[0mGET /api/admin/stats \u001b[36m304\u001b[0m 21.869 ms - -\u001b[0m","service":"cornerstone-api","timestamp":"2026-04-16 20:39:08"}
{"level":"http","message":"\u001b[0mGET /api/admin/stats \u001b[36m304\u001b[0m 12.366 ms - -\u001b[0m","service":"cornerstone-api","timestamp":"2026-04-16 20:39:17"}
{"level":"http","message":"\u001b[0mGET /api/admin/stats \u001b[36m304\u001b[0m 12.773 ms - -\u001b[0m","service":"cornerstone-api","timestamp":"2026-04-16 20:39:20"}
{"level":"http","message":"\u001b[0mGET /api/admin/stats \u001b[36m304\u001b[0m 52.170 ms - -\u001b[0m","service":"cornerstone-api","timestamp":"2026-04-16 20:39:23"}
{"level":"http","message":"\u001b[0mGET /api/admin/stats \u001b[36m304\u001b[0m 11.751 ms - -\u001b[0m","service":"cornerstone-api","timestamp":"2026-04-16 20:40:02"}
{"level":"info","message":"Admin login: admin@cornerstoneschools.ug from ::1","service":"cornerstone-api","timestamp":"2026-04-16 20:40:48"}
{"level":"http","message":"\u001b[0mPOST /api/admin/login \u001b[32m200\u001b[0m 1580.845 ms - 309\u001b[0m","service":"cornerstone-api","timestamp":"2026-04-16 20:40:48"}
{"level":"http","message":"\u001b[0mGET /api/admin/stats \u001b[36m304\u001b[0m 64.104 ms - -\u001b[0m","service":"cornerstone-api","timestamp":"2026-04-16 20:40:48"}
{"level":"http","message":"\u001b[0mGET /api/admin/stats \u001b[36m304\u001b[0m 19.808 ms - -\u001b[0m","service":"cornerstone-api","timestamp":"2026-04-16 20:41:36"}
{"level":"warn","message":"Failed admin login attempt for admin@cornerstoneschools.ug from ::1","service":"cornerstone-api","timestamp":"2026-04-16 21:28:33"}
{"level":"http","message":"\u001b[0mPOST /api/admin/login \u001b[33m401\u001b[0m 1235.618 ms - 56\u001b[0m","service":"cornerstone-api","timestamp":"2026-04-16 21:28:33"}
{"level":"info","message":"Admin login: admin@cornerstoneschools.ug from ::1","service":"cornerstone-api","timestamp":"2026-04-16 21:28:40"}
{"level":"http","message":"\u001b[0mPOST /api/admin/login \u001b[32m200\u001b[0m 989.904 ms - 309\u001b[0m","service":"cornerstone-api","timestamp":"2026-04-16 21:28:40"}
{"level":"http","message":"\u001b[0mGET /api/admin/stats \u001b[36m304\u001b[0m 24.869 ms - -\u001b[0m","service":"cornerstone-api","timestamp":"2026-04-16 21:28:40"}
{"level":"http","message":"\u001b[0mGET /api/admin/stats \u001b[36m304\u001b[0m 16.554 ms - -\u001b[0m","service":"cornerstone-api","timestamp":"2026-04-16 21:29:01"}
{"level":"http","message":"\u001b[0mGET /api/admin/stats \u001b[36m304\u001b[0m 527.147 ms - -\u001b[0m","service":"cornerstone-api","timestamp":"2026-04-16 21:30:44"}
{"level":"http","message":"\u001b[0mGET /api/admin/stats \u001b[36m304\u001b[0m 47.197 ms - -\u001b[0m","service":"cornerstone-api","timestamp":"2026-04-16 21:30:47"}
{"level":"http","message":"\u001b[0mGET /api/admin/stats \u001b[36m304\u001b[0m 32.305 ms - -\u001b[0m","service":"cornerstone-api","timestamp":"2026-04-16 21:30:49"}
{"level":"http","message":"\u001b[0mGET /api/admin/stats \u001b[36m304\u001b[0m 24.266 ms - -\u001b[0m","service":"cornerstone-api","timestamp":"2026-04-16 21:30:52"}
{"level":"http","message":"\u001b[0mGET /api/admin/stats \u001b[36m304\u001b[0m 5.014 ms - -\u001b[0m","service":"cornerstone-api","timestamp":"2026-04-16 21:30:59"}
{"level":"http","message":"\u001b[0mGET /api/admin/stats \u001b[36m304\u001b[0m 7.765 ms - -\u001b[0m","service":"cornerstone-api","timestamp":"2026-04-16 21:31:08"}
{"level":"http","message":"\u001b[0mGET /api/admin/stats \u001b[36m304\u001b[0m 213.331 ms - -\u001b[0m","service":"cornerstone-api","timestamp":"2026-04-16 21:31:13"}
{"level":"http","message":"\u001b[0mGET /api/admin/stats \u001b[36m304\u001b[0m 13.013 ms - -\u001b[0m","service":"cornerstone-api","timestamp":"2026-04-16 21:31:14"}
{"level":"http","message":"\u001b[0mGET /api/admin/stats \u001b[36m304\u001b[0m 5.653 ms - -\u001b[0m","service":"cornerstone-api","timestamp":"2026-04-16 21:31:18"}
{"level":"http","message":"\u001b[0mGET /api/admin/stats \u001b[36m304\u001b[0m 10.930 ms - -\u001b[0m","service":"cornerstone-api","timestamp":"2026-04-16 21:31:24"}
{"level":"http","message":"\u001b[0mGET /api/admin/stats \u001b[36m304\u001b[0m 11.728 ms - -\u001b[0m","service":"cornerstone-api","timestamp":"2026-04-16 21:31:27"}
{"level":"http","message":"\u001b[0mGET /api/admin/stats \u001b[36m304\u001b[0m 9.987 ms - -\u001b[0m","service":"cornerstone-api","timestamp":"2026-04-16 21:32:18"}
{"level":"http","message":"\u001b[0mGET /api/admin/stats \u001b[36m304\u001b[0m 16.466 ms - -\u001b[0m","service":"cornerstone-api","timestamp":"2026-04-16 21:32:20"}
{"level":"http","message":"\u001b[0mGET /api/admin/stats \u001b[36m304\u001b[0m 72.722 ms - -\u001b[0m","service":"cornerstone-api","timestamp":"2026-04-16 21:32:24"}
{"level":"http","message":"\u001b[0mGET /api/admin/stats \u001b[36m304\u001b[0m 25.510 ms - -\u001b[0m","service":"cornerstone-api","timestamp":"2026-04-16 21:32:27"}
{"level":"http","message":"\u001b[0mGET /api/admin/stats \u001b[36m304\u001b[0m 9.291 ms - -\u001b[0m","service":"cornerstone-api","timestamp":"2026-04-16 21:32:37"}
{"level":"http","message":"\u001b[0mGET /api/admin/stats \u001b[36m304\u001b[0m 43.317 ms - -\u001b[0m","service":"cornerstone-api","timestamp":"2026-04-16 21:32:42"}
{"level":"http","message":"\u001b[0mGET /api/admin/stats \u001b[36m304\u001b[0m 12.580 ms - -\u001b[0m","service":"cornerstone-api","timestamp":"2026-04-16 21:32:45"}
{"level":"http","message":"\u001b[0mGET /api/admin/stats \u001b[36m304\u001b[0m 5.466 ms - -\u001b[0m","service":"cornerstone-api","timestamp":"2026-04-16 21:32:47"}
{"level":"http","message":"\u001b[0mGET /api/admin/stats \u001b[36m304\u001b[0m 75.502 ms - -\u001b[0m","service":"cornerstone-api","timestamp":"2026-04-16 21:32:48"}
{"level":"http","message":"\u001b[0mGET /api/admin/stats \u001b[36m304\u001b[0m 61.616 ms - -\u001b[0m","service":"cornerstone-api","timestamp":"2026-04-16 21:32:52"}
{"level":"http","message":"\u001b[0mGET /api/admin/stats \u001b[36m304\u001b[0m 3.965 ms - -\u001b[0m","service":"cornerstone-api","timestamp":"2026-04-16 21:32:54"}
{"level":"http","message":"\u001b[0mGET /api/admin/stats \u001b[36m304\u001b[0m 14.506 ms - -\u001b[0m","service":"cornerstone-api","timestamp":"2026-04-16 21:32:56"}
{"level":"http","message":"\u001b[0mGET /api/admin/stats \u001b[36m304\u001b[0m 86.608 ms - -\u001b[0m","service":"cornerstone-api","timestamp":"2026-04-16 21:32:58"}
{"level":"http","message":"\u001b[0mGET /api/admin/stats \u001b[36m304\u001b[0m 10.563 ms - -\u001b[0m","service":"cornerstone-api","timestamp":"2026-04-16 21:33:03"}
{"level":"http","message":"\u001b[0mGET /api/admin/stats \u001b[36m304\u001b[0m 3.850 ms - -\u001b[0m","service":"cornerstone-api","timestamp":"2026-04-16 21:33:06"}
{"level":"http","message":"\u001b[0mGET /api/admin/stats \u001b[36m304\u001b[0m 5.630 ms - -\u001b[0m","service":"cornerstone-api","timestamp":"2026-04-16 21:33:07"}
{"level":"http","message":"\u001b[0mGET /api/admin/stats \u001b[36m304\u001b[0m 15.298 ms - -\u001b[0m","service":"cornerstone-api","timestamp":"2026-04-16 21:33:10"}
{"level":"http","message":"\u001b[0mGET /api/admin/stats \u001b[36m304\u001b[0m 9.525 ms - -\u001b[0m","service":"cornerstone-api","timestamp":"2026-04-16 21:33:11"}
{"level":"http","message":"\u001b[0mGET /api/admin/stats \u001b[36m304\u001b[0m 9.043 ms - -\u001b[0m","service":"cornerstone-api","timestamp":"2026-04-16 21:33:17"}
{"level":"http","message":"\u001b[0mGET /api/admin/stats \u001b[36m304\u001b[0m 3.624 ms - -\u001b[0m","service":"cornerstone-api","timestamp":"2026-04-16 21:33:32"}
{"level":"http","message":"\u001b[0mGET /api/admin/stats \u001b[36m304\u001b[0m 36.905 ms - -\u001b[0m","service":"cornerstone-api","timestamp":"2026-04-16 21:33:39"}
{"level":"http","message":"\u001b[0mGET /api/admin/stats \u001b[36m304\u001b[0m 15.456 ms - -\u001b[0m","service":"cornerstone-api","timestamp":"2026-04-16 21:33:41"}
{"level":"http","message":"\u001b[0mGET /api/admin/stats \u001b[36m304\u001b[0m 17.081 ms - -\u001b[0m","service":"cornerstone-api","timestamp":"2026-04-16 21:33:47"}
{"level":"http","message":"\u001b[0mGET /api/admin/stats \u001b[36m304\u001b[0m 80.532 ms - -\u001b[0m","service":"cornerstone-api","timestamp":"2026-04-16 21:33:52"}
{"level":"http","message":"\u001b[0mGET /api/admin/stats \u001b[36m304\u001b[0m 28.917 ms - -\u001b[0m","service":"cornerstone-api","timestamp":"2026-04-16 21:33:55"}
{"level":"http","message":"\u001b[0mGET /api/admin/stats \u001b[36m304\u001b[0m 12.620 ms - -\u001b[0m","service":"cornerstone-api","timestamp":"2026-04-16 21:33:56"}
{"level":"http","message":"\u001b[0mGET /api/admin/stats \u001b[36m304\u001b[0m 14.671 ms - -\u001b[0m","service":"cornerstone-api","timestamp":"2026-04-16 21:34:06"}
{"level":"http","message":"\u001b[0mGET /api/admin/stats \u001b[36m304\u001b[0m 13.394 ms - -\u001b[0m","service":"cornerstone-api","timestamp":"2026-04-16 21:34:10"}
{"level":"http","message":"\u001b[0mGET /api/admin/stats \u001b[36m304\u001b[0m 10.175 ms - -\u001b[0m","service":"cornerstone-api","timestamp":"2026-04-16 21:34:16"}
{"level":"http","message":"\u001b[0mGET /api/admin/stats \u001b[36m304\u001b[0m 5.496 ms - -\u001b[0m","service":"cornerstone-api","timestamp":"2026-04-16 21:34:19"}
{"level":"http","message":"\u001b[0mGET /api/admin/stats \u001b[36m304\u001b[0m 22.693 ms - -\u001b[0m","service":"cornerstone-api","timestamp":"2026-04-16 21:34:34"}
{"level":"http","message":"\u001b[0mGET /api/admin/stats \u001b[36m304\u001b[0m 31.173 ms - -\u001b[0m","service":"cornerstone-api","timestamp":"2026-04-16 21:34:38"}
{"level":"http","message":"\u001b[0mGET /api/admin/stats \u001b[36m304\u001b[0m 19.905 ms - -\u001b[0m","service":"cornerstone-api","timestamp":"2026-04-16 21:34:42"}
{"level":"http","message":"\u001b[0mGET /api/admin/stats \u001b[36m304\u001b[0m 70.619 ms - -\u001b[0m","service":"cornerstone-api","timestamp":"2026-04-16 21:34:53"}
{"level":"http","message":"\u001b[0mGET /api/admin/stats \u001b[36m304\u001b[0m 16.633 ms - -\u001b[0m","service":"cornerstone-api","timestamp":"2026-04-16 21:35:49"}
{"level":"http","message":"\u001b[0mGET /api/admin/stats \u001b[36m304\u001b[0m 21.962 ms - -\u001b[0m","service":"cornerstone-api","timestamp":"2026-04-16 21:36:41"}
{"level":"http","message":"\u001b[0mGET /api/admin/stats \u001b[36m304\u001b[0m 34.036 ms - -\u001b[0m","service":"cornerstone-api","timestamp":"2026-04-16 21:41:08"}
{"level":"http","message":"\u001b[0mGET /api/admin/stats \u001b[36m304\u001b[0m 179.251 ms - -\u001b[0m","service":"cornerstone-api","timestamp":"2026-04-16 21:45:16"}
{"level":"http","message":"\u001b[0mGET /api/admin/stats \u001b[36m304\u001b[0m 39.898 ms - -\u001b[0m","service":"cornerstone-api","timestamp":"2026-04-16 21:45:26"}
{"level":"http","message":"\u001b[0mGET /api/admin/stats \u001b[36m304\u001b[0m 28.252 ms - -\u001b[0m","service":"cornerstone-api","timestamp":"2026-04-16 21:45:29"}
{"level":"http","message":"\u001b[0mGET /api/admin/stats \u001b[36m304\u001b[0m 308.093 ms - -\u001b[0m","service":"cornerstone-api","timestamp":"2026-04-16 21:45:34"}
{"level":"http","message":"\u001b[0mGET /api/admin/stats \u001b[36m304\u001b[0m 3.005 ms - -\u001b[0m","service":"cornerstone-api","timestamp":"2026-04-16 21:45:36"}
{"level":"http","message":"\u001b[0mGET /api/admin/stats \u001b[36m304\u001b[0m 17.081 ms - -\u001b[0m","service":"cornerstone-api","timestamp":"2026-04-16 21:45:39"}
{"level":"http","message":"\u001b[0mGET /api/admin/stats \u001b[36m304\u001b[0m 81.947 ms - -\u001b[0m","service":"cornerstone-api","timestamp":"2026-04-16 21:45:41"}
{"level":"http","message":"\u001b[0mGET /api/admin/stats \u001b[36m304\u001b[0m 29.850 ms - -\u001b[0m","service":"cornerstone-api","timestamp":"2026-04-16 21:45:48"}
{"level":"http","message":"\u001b[0mGET /api/admin/stats \u001b[36m304\u001b[0m 104.315 ms - -\u001b[0m","service":"cornerstone-api","timestamp":"2026-04-16 21:45:56"}
{"level":"http","message":"\u001b[0mGET /api/admin/stats \u001b[36m304\u001b[0m 246.325 ms - -\u001b[0m","service":"cornerstone-api","timestamp":"2026-04-16 21:51:14"}
{"level":"http","message":"\u001b[0mGET /api/admin/stats \u001b[36m304\u001b[0m 3007.291 ms - -\u001b[0m","service":"cornerstone-api","timestamp":"2026-04-16 23:02:14"}
{"level":"http","message":"\u001b[0mGET /api/admin/stats \u001b[36m304\u001b[0m 302.083 ms - -\u001b[0m","service":"cornerstone-api","timestamp":"2026-04-16 23:03:35"}
{"level":"http","message":"\u001b[0mGET /api/admin/stats \u001b[36m304\u001b[0m 514.355 ms - -\u001b[0m","service":"cornerstone-api","timestamp":"2026-04-16 23:05:01"}
{"level":"http","message":"\u001b[0mGET /api/admin/stats \u001b[32m200\u001b[0m 537.758 ms - -\u001b[0m","service":"cornerstone-api","timestamp":"2026-04-16 23:05:04"}
{"level":"http","message":"\u001b[0mGET /api/admin/stats \u001b[36m304\u001b[0m 458.422 ms - -\u001b[0m","service":"cornerstone-api","timestamp":"2026-04-16 23:05:46"}
{"level":"http","message":"\u001b[0mGET /api/admin/stats \u001b[36m304\u001b[0m 146.618 ms - -\u001b[0m","service":"cornerstone-api","timestamp":"2026-04-16 23:05:55"}
{"level":"http","message":"\u001b[0mGET /api/admin/stats \u001b[36m304\u001b[0m 945.822 ms - -\u001b[0m","service":"cornerstone-api","timestamp":"2026-04-16 23:12:54"}
{"level":"http","message":"\u001b[0mGET /api/admin/stats \u001b[36m304\u001b[0m 1275.626 ms - -\u001b[0m","service":"cornerstone-api","timestamp":"2026-04-16 23:13:05"}
{"level":"info","message":"Email sent: <c102e92b-6962-b3f6-e41d-efe2e33c477c@cornerstoneschools.ug> → matthew@gmail.com","service":"cornerstone-api","timestamp":"2026-04-17 00:02:47"}
{"level":"info","message":"Email sent: <f307078c-1f0d-e919-7b35-4289f593ab41@cornerstoneschools.ug> → cornerstonenpsbudaka@gmail.com","service":"cornerstone-api","timestamp":"2026-04-17 00:02:50"}
{"level":"info","message":"Admissions enquiry: matt hew for an drew (p2)","service":"cornerstone-api","timestamp":"2026-04-17 00:02:50"}
{"level":"http","message":"\u001b[0mPOST /api/admissions \u001b[32m200\u001b[0m 8427.211 ms - 83\u001b[0m","service":"cornerstone-api","timestamp":"2026-04-17 00:02:50"}
{"level":"http","message":"\u001b[0mGET /api/admin/stats \u001b[32m200\u001b[0m 136.173 ms - -\u001b[0m","service":"cornerstone-api","timestamp":"2026-04-17 00:03:48"}
{"level":"info","message":"Email sent: <93eb24ac-4ec2-ac18-e4bd-c11e474d6d64@cornerstoneschools.ug> → matthew@gmail.com","service":"cornerstone-api","timestamp":"2026-04-17 00:05:31"}
{"level":"info","message":"Email sent: <4eea8d10-43f3-4ad4-2ca5-9ec814cabd9b@cornerstoneschools.ug> → cornerstonenpsbudaka@gmail.com","service":"cornerstone-api","timestamp":"2026-04-17 00:05:34"}
{"level":"info","message":"Contact submission from matt hew <matthew@gmail.com>","service":"cornerstone-api","timestamp":"2026-04-17 00:05:34"}
{"level":"http","message":"\u001b[0mPOST /api/contact \u001b[32m200\u001b[0m 17906.215 ms - 57\u001b[0m","service":"cornerstone-api","timestamp":"2026-04-17 00:05:34"}
{"level":"info","message":"Received SIGINT — shutting down gracefully","service":"cornerstone-api","timestamp":"2026-04-17 00:51:16"}
{"level":"info","message":"Database initialised at ./data/cornerstone.db","service":"cornerstone-api","timestamp":"2026-04-17 00:52:11"}
{"level":"info","message":"🏫  Cornerstone Schools API running on port 5000 (development)","service":"cornerstone-api","timestamp":"2026-04-17 00:52:18"}
{"level":"info","message":"Email transporter ready","service":"cornerstone-api","timestamp":"2026-04-17 00:52:21"}
{"level":"info","message":"Contact submission from matt hew <matthew@gmail.com>","service":"cornerstone-api","timestamp":"2026-04-17 00:53:16"}
{"level":"http","message":"\u001b[0mPOST /api/contact \u001b[32m200\u001b[0m 403.910 ms - 57\u001b[0m","service":"cornerstone-api","timestamp":"2026-04-17 00:53:16"}
{"level":"info","message":"Email sent: <4fd89b97-6366-429e-5ccf-cddf5a0dc4e9@cornerstoneschools.ug> → matthew@gmail.com","service":"cornerstone-api","timestamp":"2026-04-17 00:53:21"}
{"level":"info","message":"Email sent: <162525c0-27f2-4bfb-3489-34f6d5385560@cornerstoneschools.ug> → cornerstonenpsbudaka@gmail.com","service":"cornerstone-api","timestamp":"2026-04-17 00:53:24"}
{"level":"info","message":"Received SIGINT — shutting down gracefully","service":"cornerstone-api","timestamp":"2026-04-17 02:18:57"}
{"level":"info","message":"Database initialised at ./data/cornerstone.db","service":"cornerstone-api","timestamp":"2026-04-17 02:19:08"}
{"level":"info","message":"🏫  Cornerstone Schools API running on port 5000 (development)","service":"cornerstone-api","timestamp":"2026-04-17 02:19:10"}
{"level":"info","message":"Email transporter ready","service":"cornerstone-api","timestamp":"2026-04-17 02:19:13"}
{"level":"info","message":"Received SIGINT — shutting down gracefully","service":"cornerstone-api","timestamp":"2026-04-17 02:23:55"}
{"level":"info","message":"Database initialised at ./data/cornerstone.db","service":"cornerstone-api","timestamp":"2026-04-17 02:35:43"}
{"level":"info","message":"🏫  Cornerstone Schools API running on port 5000 (development)","service":"cornerstone-api","timestamp":"2026-04-17 02:35:46"}
{"level":"info","message":"Email transporter ready","service":"cornerstone-api","timestamp":"2026-04-17 02:35:49"}
{"level":"info","message":"Received SIGINT — shutting down gracefully","service":"cornerstone-api","timestamp":"2026-04-17 02:44:21"}
{"level":"info","message":"Database initialised at ./data/cornerstone.db","service":"cornerstone-api","timestamp":"2026-04-17 02:44:33"}
{"level":"info","message":"🏫  Cornerstone Schools API running on port 5000 (development)","service":"cornerstone-api","timestamp":"2026-04-17 02:44:37"}
{"level":"info","message":"Email transporter ready","service":"cornerstone-api","timestamp":"2026-04-17 02:44:39"}
{"level":"info","message":"Received SIGINT — shutting down gracefully","service":"cornerstone-api","timestamp":"2026-04-17 02:46:20"}
{"level":"info","message":"Database initialised at ./data/cornerstone.db","service":"cornerstone-api","timestamp":"2026-04-26 15:36:48"}
{"level":"info","message":"🏫  Cornerstone Schools API running on port 5000 (development)","service":"cornerstone-api","timestamp":"2026-04-26 15:36:49"}
{"level":"info","message":"Email transporter ready","service":"cornerstone-api","timestamp":"2026-04-26 15:36:52"}
{"level":"info","message":"Database initialised at ./data/cornerstone.db","service":"cornerstone-api","timestamp":"2026-04-26 15:55:46"}
{"level":"info","message":"🏫  Cornerstone Schools API running on port 5000 (development)","service":"cornerstone-api","timestamp":"2026-04-26 15:55:47"}
{"level":"info","message":"Email transporter ready","service":"cornerstone-api","timestamp":"2026-04-26 15:55:49"}
{"level":"info","message":"Received SIGINT — shutting down gracefully","service":"cornerstone-api","timestamp":"2026-04-26 16:12:54"}
{"level":"info","message":"Database initialised at ./data/cornerstone.db","service":"cornerstone-api","timestamp":"2026-04-26 16:16:48"}
{"level":"info","message":"🏫  Cornerstone Schools API running on port 5000 (development)","service":"cornerstone-api","timestamp":"2026-04-26 16:16:49"}
{"level":"info","message":"Email transporter ready","service":"cornerstone-api","timestamp":"2026-04-26 16:16:51"}
{"level":"info","message":"Received SIGINT — shutting down gracefully","service":"cornerstone-api","timestamp":"2026-04-26 16:17:39"}
{"level":"info","message":"Database initialised at ./data/cornerstone.db","service":"cornerstone-api","timestamp":"2026-04-26 16:18:05"}
{"level":"info","message":"🏫  Cornerstone Schools API running on port 5000 (development)","service":"cornerstone-api","timestamp":"2026-04-26 16:18:06"}
{"level":"info","message":"Email transporter ready","service":"cornerstone-api","timestamp":"2026-04-26 16:18:07"}
{"level":"info","message":"Received SIGINT — shutting down gracefully","service":"cornerstone-api","timestamp":"2026-04-26 17:04:49"}
{"level":"info","message":"Database initialised at ./data/cornerstone.db","service":"cornerstone-api","timestamp":"2026-04-26 17:06:34"}
{"level":"info","message":"🏫  Cornerstone Schools API running on port 5000 (development)","service":"cornerstone-api","timestamp":"2026-04-26 17:06:34"}
{"level":"info","message":"Email transporter ready","service":"cornerstone-api","timestamp":"2026-04-26 17:06:36"}
{"level":"info","message":"Admin login: admin@cornerstoneschools.ug from ::1","service":"cornerstone-api","timestamp":"2026-04-26 17:07:30"}
{"level":"http","message":"\u001b[0mPOST /api/admin/login \u001b[32m200\u001b[0m 558.240 ms - 309\u001b[0m","service":"cornerstone-api","timestamp":"2026-04-26 17:07:30"}
{"level":"http","message":"\u001b[0mGET /api/admin/stats \u001b[32m200\u001b[0m 44.295 ms - -\u001b[0m","service":"cornerstone-api","timestamp":"2026-04-26 17:07:30"}
{"level":"http","message":"\u001b[0mGET /api/admin/admissions?page=1&limit=20&search=&status= \u001b[32m200\u001b[0m 16.165 ms - -\u001b[0m","service":"cornerstone-api","timestamp":"2026-04-26 17:07:54"}
{"level":"http","message":"\u001b[0mGET /api/admin/admissions/2 \u001b[32m200\u001b[0m 6.277 ms - 366\u001b[0m","service":"cornerstone-api","timestamp":"2026-04-26 17:08:03"}
{"level":"http","message":"\u001b[0mGET /api/admin/contacts?page=1&limit=20&search= \u001b[32m200\u001b[0m 5.192 ms - -\u001b[0m","service":"cornerstone-api","timestamp":"2026-04-26 17:08:14"}
{"level":"http","message":"\u001b[0mGET /api/admin/admissions?page=1&limit=20&search=&status= \u001b[36m304\u001b[0m 6.456 ms - -\u001b[0m","service":"cornerstone-api","timestamp":"2026-04-26 17:08:25"}
{"level":"http","message":"\u001b[0mGET /api/admin/admissions/7 \u001b[32m200\u001b[0m 3.601 ms - 323\u001b[0m","service":"cornerstone-api","timestamp":"2026-04-26 17:08:28"}
{"level":"http","message":"\u001b[0mGET /api/admin/admissions/1 \u001b[32m200\u001b[0m 2.784 ms - 437\u001b[0m","service":"cornerstone-api","timestamp":"2026-04-26 17:08:34"}
{"level":"http","message":"\u001b[0mGET /api/admin/admissions/4 \u001b[32m200\u001b[0m 2.933 ms - 448\u001b[0m","service":"cornerstone-api","timestamp":"2026-04-26 17:08:39"}
{"level":"http","message":"\u001b[0mGET /api/admin/admissions/2 \u001b[36m304\u001b[0m 7.997 ms - -\u001b[0m","service":"cornerstone-api","timestamp":"2026-04-26 17:08:43"}
{"level":"http","message":"\u001b[0mGET /api/admin/admissions/3 \u001b[32m200\u001b[0m 5.690 ms - 453\u001b[0m","service":"cornerstone-api","timestamp":"2026-04-26 17:08:47"}
{"level":"http","message":"\u001b[0mGET /api/admin/admissions/5 \u001b[32m200\u001b[0m 7.245 ms - 354\u001b[0m","service":"cornerstone-api","timestamp":"2026-04-26 17:08:50"}
{"level":"http","message":"\u001b[0mGET /api/admin/admissions/6 \u001b[32m200\u001b[0m 8.275 ms - 422\u001b[0m","service":"cornerstone-api","timestamp":"2026-04-26 17:08:53"}
{"level":"http","message":"\u001b[0mGET /api/admin/contacts?page=1&limit=20&search= \u001b[36m304\u001b[0m 4.913 ms - -\u001b[0m","service":"cornerstone-api","timestamp":"2026-04-26 17:09:01"}
{"level":"http","message":"\u001b[0mGET /api/admin/stats \u001b[36m304\u001b[0m 9.075 ms - -\u001b[0m","service":"cornerstone-api","timestamp":"2026-04-26 17:09:15"}
{"level":"http","message":"\u001b[0mGET /api/admin/stats \u001b[36m304\u001b[0m 5.076 ms - -\u001b[0m","service":"cornerstone-api","timestamp":"2026-04-26 17:09:25"}
{"level":"http","message":"\u001b[0mGET /api/admin/stats \u001b[36m304\u001b[0m 18.676 ms - -\u001b[0m","service":"cornerstone-api","timestamp":"2026-04-26 17:12:39"}
{"level":"info","message":"Received SIGINT — shutting down gracefully","service":"cornerstone-api","timestamp":"2026-04-26 17:16:23"}
{"level":"info","message":"Database initialised at ./data/cornerstone.db","service":"cornerstone-api","timestamp":"2026-04-26 17:34:32"}
{"level":"info","message":"🏫  Cornerstone Schools API running on port 5000 (development)","service":"cornerstone-api","timestamp":"2026-04-26 17:34:32"}
{"level":"info","message":"Email transporter ready","service":"cornerstone-api","timestamp":"2026-04-26 17:34:34"}
{"level":"http","message":"\u001b[0mGET /api/admin/stats \u001b[36m304\u001b[0m 434.326 ms - -\u001b[0m","service":"cornerstone-api","timestamp":"2026-04-26 17:37:56"}
{"level":"http","message":"\u001b[0mGET /api/admin/stats \u001b[36m304\u001b[0m 22.793 ms - -\u001b[0m","service":"cornerstone-api","timestamp":"2026-04-26 17:38:02"}
{"level":"http","message":"\u001b[0mGET /api/admin/stats \u001b[36m304\u001b[0m 4.275 ms - -\u001b[0m","service":"cornerstone-api","timestamp":"2026-04-26 17:38:04"}
{"level":"http","message":"\u001b[0mGET /api/admin/stats \u001b[36m304\u001b[0m 4.944 ms - -\u001b[0m","service":"cornerstone-api","timestamp":"2026-04-26 17:38:06"}
{"level":"http","message":"\u001b[0mGET /api/admin/stats \u001b[36m304\u001b[0m 4.886 ms - -\u001b[0m","service":"cornerstone-api","timestamp":"2026-04-26 17:38:10"}
{"level":"http","message":"\u001b[0mGET /api/admin/stats \u001b[36m304\u001b[0m 3.928 ms - -\u001b[0m","service":"cornerstone-api","timestamp":"2026-04-26 17:38:18"}
{"level":"http","message":"\u001b[0mGET /api/admin/stats \u001b[36m304\u001b[0m 5.454 ms - -\u001b[0m","service":"cornerstone-api","timestamp":"2026-04-26 17:38:39"}
{"level":"info","message":"Database initialised at ./data/cornerstone.db","service":"cornerstone-api","timestamp":"2026-04-26 17:39:51"}
{"level":"info","message":"🏫  Cornerstone Schools API running on port 5000 (development)","service":"cornerstone-api","timestamp":"2026-04-26 17:39:52"}
{"level":"info","message":"Email transporter ready","service":"cornerstone-api","timestamp":"2026-04-26 17:39:56"}
{"level":"info","message":"Database initialised at ./data/cornerstone.db","service":"cornerstone-api","timestamp":"2026-04-26 17:40:35"}
{"level":"info","message":"🏫  Cornerstone Schools API running on port 5000 (development)","service":"cornerstone-api","timestamp":"2026-04-26 17:40:35"}
{"level":"info","message":"Email transporter ready","service":"cornerstone-api","timestamp":"2026-04-26 17:40:37"}
{"level":"info","message":"Database initialised at ./data/cornerstone.db","service":"cornerstone-api","timestamp":"2026-04-26 17:40:39"}
{"level":"info","message":"🏫  Cornerstone Schools API running on port 5000 (development)","service":"cornerstone-api","timestamp":"2026-04-26 17:40:40"}
{"level":"info","message":"Email transporter ready","service":"cornerstone-api","timestamp":"2026-04-26 17:40:41"}
{"level":"info","message":"Database initialised at ./data/cornerstone.db","service":"cornerstone-api","timestamp":"2026-04-26 17:40:45"}
{"level":"info","message":"🏫  Cornerstone Schools API running on port 5000 (development)","service":"cornerstone-api","timestamp":"2026-04-26 17:40:45"}
{"level":"info","message":"Database initialised at ./data/cornerstone.db","service":"cornerstone-api","timestamp":"2026-04-26 17:40:48"}
{"level":"info","message":"🏫  Cornerstone Schools API running on port 5000 (development)","service":"cornerstone-api","timestamp":"2026-04-26 17:40:48"}
{"level":"info","message":"Email transporter ready","service":"cornerstone-api","timestamp":"2026-04-26 17:40:50"}
{"level":"info","message":"Database initialised at ./data/cornerstone.db","service":"cornerstone-api","timestamp":"2026-04-26 17:40:52"}
{"level":"info","message":"🏫  Cornerstone Schools API running on port 5000 (development)","service":"cornerstone-api","timestamp":"2026-04-26 17:40:52"}
{"level":"info","message":"Email transporter ready","service":"cornerstone-api","timestamp":"2026-04-26 17:40:56"}
{"level":"info","message":"Database initialised at ./data/cornerstone.db","service":"cornerstone-api","timestamp":"2026-04-26 17:41:03"}
{"level":"info","message":"🏫  Cornerstone Schools API running on port 5000 (development)","service":"cornerstone-api","timestamp":"2026-04-26 17:41:04"}
{"level":"info","message":"Email transporter ready","service":"cornerstone-api","timestamp":"2026-04-26 17:41:08"}
{"level":"info","message":"Database initialised at ./data/cornerstone.db","service":"cornerstone-api","timestamp":"2026-04-26 17:41:14"}
{"level":"info","message":"🏫  Cornerstone Schools API running on port 5000 (development)","service":"cornerstone-api","timestamp":"2026-04-26 17:41:15"}
{"level":"info","message":"Email transporter ready","service":"cornerstone-api","timestamp":"2026-04-26 17:41:17"}
{"level":"info","message":"Database initialised at ./data/cornerstone.db","service":"cornerstone-api","timestamp":"2026-04-26 17:43:16"}
{"level":"info","message":"🏫  Cornerstone Schools API running on port 5000 (development)","service":"cornerstone-api","timestamp":"2026-04-26 17:43:16"}
{"level":"info","message":"Database initialised at ./data/cornerstone.db","service":"cornerstone-api","timestamp":"2026-04-26 17:44:10"}
{"level":"info","message":"🏫  Cornerstone Schools API running on port 5000 (development)","service":"cornerstone-api","timestamp":"2026-04-26 17:44:11"}
{"level":"info","message":"Database initialised at ./data/cornerstone.db","service":"cornerstone-api","timestamp":"2026-04-26 17:44:14"}
{"level":"info","message":"🏫  Cornerstone Schools API running on port 5000 (development)","service":"cornerstone-api","timestamp":"2026-04-26 17:44:15"}
{"level":"info","message":"Database initialised at ./data/cornerstone.db","service":"cornerstone-api","timestamp":"2026-04-26 17:44:29"}
{"level":"info","message":"🏫  Cornerstone Schools API running on port 5000 (development)","service":"cornerstone-api","timestamp":"2026-04-26 17:44:29"}
{"level":"info","message":"Database initialised at ./data/cornerstone.db","service":"cornerstone-api","timestamp":"2026-04-26 17:44:30"}
{"level":"info","message":"🏫  Cornerstone Schools API running on port 5000 (development)","service":"cornerstone-api","timestamp":"2026-04-26 17:44:32"}
{"level":"info","message":"Database initialised at ./data/cornerstone.db","service":"cornerstone-api","timestamp":"2026-04-26 17:44:35"}
{"level":"info","message":"🏫  Cornerstone Schools API running on port 5000 (development)","service":"cornerstone-api","timestamp":"2026-04-26 17:44:35"}
{"level":"info","message":"Database initialised at ./data/cornerstone.db","service":"cornerstone-api","timestamp":"2026-04-26 17:44:41"}
{"level":"info","message":"🏫  Cornerstone Schools API running on port 5000 (development)","service":"cornerstone-api","timestamp":"2026-04-26 17:44:41"}
{"level":"info","message":"Database initialised at ./data/cornerstone.db","service":"cornerstone-api","timestamp":"2026-04-26 17:44:43"}
{"level":"info","message":"🏫  Cornerstone Schools API running on port 5000 (development)","service":"cornerstone-api","timestamp":"2026-04-26 17:44:44"}
{"level":"info","message":"Database initialised at ./data/cornerstone.db","service":"cornerstone-api","timestamp":"2026-04-26 17:44:45"}
{"level":"info","message":"🏫  Cornerstone Schools API running on port 5000 (development)","service":"cornerstone-api","timestamp":"2026-04-26 17:44:46"}
{"level":"info","message":"Database initialised at ./data/cornerstone.db","service":"cornerstone-api","timestamp":"2026-04-26 17:44:49"}
{"level":"info","message":"🏫  Cornerstone Schools API running on port 5000 (development)","service":"cornerstone-api","timestamp":"2026-04-26 17:44:50"}
{"level":"info","message":"Email transporter ready","service":"cornerstone-api","timestamp":"2026-04-26 17:44:51"}
{"level":"info","message":"Database initialised at ./data/cornerstone.db","service":"cornerstone-api","timestamp":"2026-04-26 17:44:54"}
{"level":"info","message":"🏫  Cornerstone Schools API running on port 5000 (development)","service":"cornerstone-api","timestamp":"2026-04-26 17:44:55"}
{"level":"info","message":"Email transporter ready","service":"cornerstone-api","timestamp":"2026-04-26 17:44:57"}
{"level":"info","message":"Database initialised at ./data/cornerstone.db","service":"cornerstone-api","timestamp":"2026-04-26 17:45:04"}
{"level":"info","message":"🏫  Cornerstone Schools API running on port 5000 (development)","service":"cornerstone-api","timestamp":"2026-04-26 17:45:06"}
{"level":"info","message":"Database initialised at ./data/cornerstone.db","service":"cornerstone-api","timestamp":"2026-04-26 17:45:10"}
{"level":"info","message":"🏫  Cornerstone Schools API running on port 5000 (development)","service":"cornerstone-api","timestamp":"2026-04-26 17:45:10"}
{"level":"info","message":"Email transporter ready","service":"cornerstone-api","timestamp":"2026-04-26 17:45:47"}
{"level":"warn","message":"Failed portal login for test@parent.com from ::1","service":"cornerstone-api","timestamp":"2026-04-26 17:45:54"}
{"level":"http","message":"\u001b[0mPOST /api/portal/login \u001b[33m401\u001b[0m 30.657 ms - 56\u001b[0m","service":"cornerstone-api","timestamp":"2026-04-26 17:45:54"}
{"level":"warn","message":"Failed portal login for test@parent.com from ::1","service":"cornerstone-api","timestamp":"2026-04-26 17:46:12"}
{"level":"http","message":"\u001b[0mPOST /api/portal/login \u001b[33m401\u001b[0m 3.969 ms - 56\u001b[0m","service":"cornerstone-api","timestamp":"2026-04-26 17:46:12"}
{"level":"warn","message":"Failed portal login for test@parent.com from ::1","service":"cornerstone-api","timestamp":"2026-04-26 20:13:46"}
{"level":"http","message":"\u001b[0mPOST /api/portal/login \u001b[33m401\u001b[0m 49.643 ms - 56\u001b[0m","service":"cornerstone-api","timestamp":"2026-04-26 20:13:46"}
{"level":"warn","message":"Failed portal login for test@parent.com from ::1","service":"cornerstone-api","timestamp":"2026-04-26 20:15:11"}
{"level":"http","message":"\u001b[0mPOST /api/portal/login \u001b[33m401\u001b[0m 13.450 ms - 56\u001b[0m","service":"cornerstone-api","timestamp":"2026-04-26 20:15:11"}
{"level":"warn","message":"Failed portal login for test@parent.com from ::1","service":"cornerstone-api","timestamp":"2026-04-26 20:29:46"}
{"level":"http","message":"\u001b[0mPOST /api/portal/login \u001b[33m401\u001b[0m 48.111 ms - 56\u001b[0m","service":"cornerstone-api","timestamp":"2026-04-26 20:29:46"}
{"level":"info","message":"Received SIGINT — shutting down gracefully","service":"cornerstone-api","timestamp":"2026-04-26 20:30:57"}
{"level":"info","message":"Database initialised at ./data/cornerstone.db","service":"cornerstone-api","timestamp":"2026-04-26 20:31:06"}
{"level":"info","message":"🏫  Cornerstone Schools API running on port 5000 (development)","service":"cornerstone-api","timestamp":"2026-04-26 20:31:07"}
{"level":"info","message":"Email transporter ready","service":"cornerstone-api","timestamp":"2026-04-26 20:31:08"}
{"level":"warn","message":"Failed portal login for test@parent.com from ::1","service":"cornerstone-api","timestamp":"2026-04-26 20:31:19"}
{"level":"http","message":"\u001b[0mPOST /api/portal/login \u001b[33m401\u001b[0m 26.030 ms - 56\u001b[0m","service":"cornerstone-api","timestamp":"2026-04-26 20:31:19"}
{"level":"warn","message":"Failed portal login for test@parent.com from ::1","service":"cornerstone-api","timestamp":"2026-04-26 20:33:50"}
{"level":"http","message":"\u001b[0mPOST /api/portal/login \u001b[33m401\u001b[0m 192.026 ms - 56\u001b[0m","service":"cornerstone-api","timestamp":"2026-04-26 20:33:50"}
{"level":"warn","message":"Failed portal login for test@parent.com from ::1","service":"cornerstone-api","timestamp":"2026-04-26 20:35:08"}
{"level":"http","message":"\u001b[0mPOST /api/portal/login \u001b[33m401\u001b[0m 144.767 ms - 56\u001b[0m","service":"cornerstone-api","timestamp":"2026-04-26 20:35:08"}
{"level":"info","message":"Database initialised at ./data/cornerstone.db","service":"cornerstone-api","timestamp":"2026-04-26 20:46:25"}
{"level":"info","message":"🏫  Cornerstone Schools API running on port 5000 (development)","service":"cornerstone-api","timestamp":"2026-04-26 20:46:26"}
{"level":"info","message":"Email transporter ready","service":"cornerstone-api","timestamp":"2026-04-26 20:46:33"}
{"level":"info","message":"Database initialised at ./data/cornerstone.db","service":"cornerstone-api","timestamp":"2026-04-26 20:48:27"}
{"level":"info","message":"🏫  Cornerstone Schools API running on port 5000 (development)","service":"cornerstone-api","timestamp":"2026-04-26 20:48:28"}
{"level":"info","message":"Email transporter ready","service":"cornerstone-api","timestamp":"2026-04-26 20:48:34"}
{"level":"info","message":"Database initialised at ./data/cornerstone.db","service":"cornerstone-api","timestamp":"2026-04-26 20:49:02"}
{"level":"info","message":"🏫  Cornerstone Schools API running on port 5000 (development)","service":"cornerstone-api","timestamp":"2026-04-26 20:49:02"}
{"level":"info","message":"Database initialised at ./data/cornerstone.db","service":"cornerstone-api","timestamp":"2026-04-26 20:49:16"}
{"level":"info","message":"🏫  Cornerstone Schools API running on port 5000 (development)","service":"cornerstone-api","timestamp":"2026-04-26 20:49:17"}
{"level":"info","message":"Email transporter ready","service":"cornerstone-api","timestamp":"2026-04-26 20:49:19"}
{"level":"info","message":"Database initialised at ./data/cornerstone.db","service":"cornerstone-api","timestamp":"2026-04-26 20:49:24"}
{"level":"info","message":"🏫  Cornerstone Schools API running on port 5000 (development)","service":"cornerstone-api","timestamp":"2026-04-26 20:49:24"}
{"level":"info","message":"Database initialised at ./data/cornerstone.db","service":"cornerstone-api","timestamp":"2026-04-26 20:49:46"}
{"level":"info","message":"🏫  Cornerstone Schools API running on port 5000 (development)","service":"cornerstone-api","timestamp":"2026-04-26 20:49:47"}
{"level":"info","message":"Email transporter ready","service":"cornerstone-api","timestamp":"2026-04-26 20:49:53"}
{"level":"info","message":"Database initialised at ./data/cornerstone.db","service":"cornerstone-api","timestamp":"2026-04-26 20:52:25"}
{"level":"info","message":"🏫  Cornerstone Schools API running on port 5000 (development)","service":"cornerstone-api","timestamp":"2026-04-26 20:52:26"}
{"level":"info","message":"Email transporter ready","service":"cornerstone-api","timestamp":"2026-04-26 20:52:28"}
{"level":"info","message":"Database initialised at ./data/cornerstone.db","service":"cornerstone-api","timestamp":"2026-04-26 20:52:41"}
{"level":"info","message":"🏫  Cornerstone Schools API running on port 5000 (development)","service":"cornerstone-api","timestamp":"2026-04-26 20:52:42"}
{"level":"info","message":"Email transporter ready","service":"cornerstone-api","timestamp":"2026-04-26 20:52:45"}
{"level":"info","message":"Database initialised at ./data/cornerstone.db","service":"cornerstone-api","timestamp":"2026-04-26 20:53:48"}
{"level":"info","message":"🏫  Cornerstone Schools API running on port 5000 (development)","service":"cornerstone-api","timestamp":"2026-04-26 20:53:49"}
{"level":"info","message":"Email transporter ready","service":"cornerstone-api","timestamp":"2026-04-26 20:53:53"}
{"level":"info","message":"Database initialised at ./data/cornerstone.db","service":"cornerstone-api","timestamp":"2026-04-26 20:54:34"}
{"level":"info","message":"🏫  Cornerstone Schools API running on port 5000 (development)","service":"cornerstone-api","timestamp":"2026-04-26 20:54:35"}
{"level":"info","message":"Received SIGINT — shutting down gracefully","service":"cornerstone-api","timestamp":"2026-04-26 20:54:47"}
{"level":"info","message":"Database initialised at ./data/cornerstone.db","service":"cornerstone-api","timestamp":"2026-04-26 20:54:54"}
{"level":"info","message":"🏫  Cornerstone Schools API running on port 5000 (development)","service":"cornerstone-api","timestamp":"2026-04-26 20:54:54"}
{"level":"info","message":"Email transporter ready","service":"cornerstone-api","timestamp":"2026-04-26 20:55:00"}
{"level":"error","message":"Unhandled Promise Rejection: TypeError: db.get is not a function\n    at /Users/church/Desktop/cornerstone4/cornerstonev2/backend/routes/portal.js:134:27\n    at Layer.handle [as handle_request] (/Users/church/Desktop/cornerstone4/cornerstonev2/backend/node_modules/express/lib/router/layer.js:95:5)\n    at next (/Users/church/Desktop/cornerstone4/cornerstonev2/backend/node_modules/express/lib/router/route.js:149:13)\n    at middleware (/Users/church/Desktop/cornerstone4/cornerstonev2/backend/node_modules/express-validator/lib/middlewares/check.js:16:13)\n    at process.processTicksAndRejections (node:internal/process/task_queues:105:5)","service":"cornerstone-api","timestamp":"2026-04-26 20:55:17"}
{"level":"info","message":"Database initialised at ./data/cornerstone.db","service":"cornerstone-api","timestamp":"2026-04-26 20:58:42"}
{"level":"info","message":"🏫  Cornerstone Schools API running on port 5000 (development)","service":"cornerstone-api","timestamp":"2026-04-26 20:58:43"}
{"level":"info","message":"Email transporter ready","service":"cornerstone-api","timestamp":"2026-04-26 20:58:45"}
{"level":"info","message":"Database initialised at ./data/cornerstone.db","service":"cornerstone-api","timestamp":"2026-04-26 20:59:29"}
{"level":"info","message":"🏫  Cornerstone Schools API running on port 5000 (development)","service":"cornerstone-api","timestamp":"2026-04-26 20:59:30"}
{"level":"info","message":"Email transporter ready","service":"cornerstone-api","timestamp":"2026-04-26 20:59:32"}
{"level":"http","message":"\u001b[0mPOST /api/portal/login \u001b[33m401\u001b[0m 27.224 ms - 37\u001b[0m","service":"cornerstone-api","timestamp":"2026-04-26 21:00:26"}
{"level":"http","message":"\u001b[0mPOST /api/portal/login \u001b[33m401\u001b[0m 4.159 ms - 37\u001b[0m","service":"cornerstone-api","timestamp":"2026-04-26 21:00:37"}
{"level":"info","message":"Database initialised at ./data/cornerstone.db","service":"cornerstone-api","timestamp":"2026-04-26 21:07:30"}
{"level":"info","message":"🏫  Cornerstone Schools API running on port 5000 (development)","service":"cornerstone-api","timestamp":"2026-04-26 21:07:31"}
{"level":"info","message":"Email transporter ready","service":"cornerstone-api","timestamp":"2026-04-26 21:07:35"}
{"level":"info","message":"Database initialised at ./data/cornerstone.db","service":"cornerstone-api","timestamp":"2026-04-26 21:07:43"}
{"level":"info","message":"🏫  Cornerstone Schools API running on port 5000 (development)","service":"cornerstone-api","timestamp":"2026-04-26 21:07:44"}
{"level":"info","message":"Email transporter ready","service":"cornerstone-api","timestamp":"2026-04-26 21:07:53"}
{"level":"info","message":"Received SIGINT — shutting down gracefully","service":"cornerstone-api","timestamp":"2026-04-26 21:08:30"}
{"level":"info","message":"Database initialised at ./data/cornerstone.db","service":"cornerstone-api","timestamp":"2026-04-26 21:08:40"}
{"level":"info","message":"🏫  Cornerstone Schools API running on port 5000 (development)","service":"cornerstone-api","timestamp":"2026-04-26 21:08:40"}
{"level":"info","message":"Email transporter ready","service":"cornerstone-api","timestamp":"2026-04-26 21:08:44"}
{"level":"http","message":"\u001b[0mPOST /api/portal/login \u001b[32m200\u001b[0m 18.436 ms - 235\u001b[0m","service":"cornerstone-api","timestamp":"2026-04-26 21:08:59"}
